parent: half-sync-half-async; artifact: half-sync-half-async
Puml Server ID: RScv3SCm3030LU819FRPXg5fIm552tnYPFiyjRi3RkbAaYkdoQr5JBy369vrxz7oaSv6XmPhL3e6TCaJ0msU-CAoilTToyG8DdKOw5z0GzcAlvNAN_WZSD1brBHHPmxv0000
parent: abstract-document; artifact: abstract-document
Puml Server ID: PSjB3eCm34NHhPG599vtDyQn85L-ifzX-p3lxEf8Twj3MXGDQvyJMFubChxpKN767gucSq07iinEjSNDOACVNvoAUZr6MWoe3QVE_WRnxZ0Mf38b-hkIGlurX_MyehS7
parent: tolerant-reader; artifact: tolerant-reader
Puml Server ID: NSZ14SCm20NHLf829ExfXaYChGn26lZ4xSVdtFRjSrZJx9AkZnFOyI9olkenSEOxGxmjWnXgMvE6viLWfmz_kNI9SLZP38XRqEIuWx1Kd0t5XVjjGVj_DNtMdLD_
parent: event-driven-architecture; artifact: event-driven-architecture
Puml Server ID: TOhH3SCW30LNQGS0_tSRnrZ15H1adfFromBzkfFktZQaHT7mzgh0N1yYvoUVXXf7B7Mv1dGWozN9MZmCTlhopQdeidEaoO3wMDHvRI6zzvwAssPYbsfGGRYIGlxN7DxpZDv-
parent: publish-subscribe; artifact: publish-subscribe
Puml Server ID: PSZB3SCm203GLTe1RExT1XCKKs5YyMdMR--zFRsd66aTNAwFcRdZ1U1uzrDorgXWfykIBJjT2qJhnaI7Dtwm7HnoMjkOoMu12-C7s3LKOhQe4UGo63ZfVtlvwhkMVW40
parent: facade; artifact: facade
Puml Server ID: BSP15eCm20N0gxG7CEoz3ILKqvTW7dpq-hhehERTJ7fMJU-l7PYn4ZbVPMlOyvEXBeT13KMEGQtdnM2d7v-yL8sssJ8PKBUWmV64lYnSbHJoRqaVPUReDm00
parent: service-locator; artifact: service-locator
Puml Server ID: NSjB3iCm203HgxG7iDdtDeIWX0fZYqzo_MRTtUX9ynOZhPtBzNLchlW0EDxza3nhgs2dQScMdUO0qRenqU6B5xQTGmvh2pFPBM1WF07FSmbnqqcOqu6J_gsNZxvgw0y0
parent: dao; artifact: dao
Puml Server ID: 5SR14OKW30N0LhG0oVrt4o6ZE12Ov4NR_thQNQlc5aN2sd82qtz4naywAixOmyNoK8WYvT6fjdWOR7JnpLiHhuTkam4nTUhiRwZm847-J64zpUZj3m00
parent: model-view-presenter; artifact: model-view-presenter
Puml Server ID: ROlR3SGW3C1MkGu0-RzjKeXQJWcWFChwPO3xispvQBrmL0hbp-q-xGkWkFBL_8upZBICxjGzbo7GE1OwAlpmmLJ9sjNJH7VIRY1e6q169KvFevMcakrtI_BoD-HGoJE4Nm00
parent: observer; artifact: observer
Puml Server ID: FSkn4OGm30NHLg00hFow4KO3PcpP8tr1-pYwx6smQz5Suv2mkbp0y1-HyPlEWYlsSB7S5Q98kJSgDLu66ztyy7Q8brEtmO2OEZNs2Uhxl9u9GVv72cjfHAiV
parent: intercepting-filter; artifact: intercepting-filter
Puml Server ID: RSfB3i8m303Hgy014k-vZN5DQkIuaJ_q-fGzkz7JtCL8Q-DolUsPAnu0ZcSVadizAzZfi6JBJiS4qJenqU6D7smRXmnh2pFPBM1YN05o_KwyKcoqb-ZFEEcVz_BPLqtz0W00
parent: factory-method; artifact: factory-method
Puml Server ID: NSZB3G8n30N0Lg20n7UwCOxPP9MVx6TMT0zdRgEvjoazYeRrMmMsFuYChtmqr7Y6gycQq8aiQr3hSJ7OwEGtfwBUZfas0shJQR3_G2yMBFkaeQYha4B-AeUDl6FqBm00
parent: private-class-data; artifact: private-class-data
Puml Server ID: RShR3SCm243HLTe1RFwx3S4eeSB4uf6itmpGlwkZ-nOZhS7b-ZeoLtm07E--InwrLR3JQScMdSu9edLZeiCNBso3GtPh2pFPBM1YF07BvSBaHeeHRJm_SD8VxkMphvhw0m00
parent: async-method-invocation; artifact: async-method-invocation
Puml Server ID: TSdB3SCW303GLTe1mFTkunWhk0A3_4dKxTi5UdlIUuhIoCPfuz4Zjhy03EzwIlGyqjbeQR16fJL1HjuOQF362qjZbrFBnWWsTPZeFm3wHwbCZhvQ4RqMOSXIuA1_LzDctJd75m00
parent: execute-around; artifact: execute-around
Puml Server ID: NSZ14G8n20NGLhI0XBlT865suoGa0n_NylNixSsxTvEHJTF7xGHsF8YShtfqdFdCK9TbK4ELDQcFl1ZizE8tbwRH3okR0NKBcXm_a7vK4bhOLreZXVnLJPzrvnnV
parent: monostate; artifact: monostate
Puml Server ID: HSV14OGm20NGLjO23FVj1YEZsGaa0nzjVxrvUszfLdlkaju_9p3ZI-HybwFXp2r3l0w364eTIgtdpM2d7r-yxXBji7Ko86v1ol60TDW8C8G4zLr9rp9J-ny0
parent: thread-pool; artifact: thread-pool
Puml Server ID: JSV14SCW30J0Lk82GFzq8uF6a1624IUx_UIPt-xHhMXK2TTN0zP-4pa_-UfeSSOMBzCWXbpceAxnCDZfmpUdAhjVbXO3uhPfyFw1q5oufZMdag3yFuUFl6Be5m00
parent: delegation; artifact: delegation
Puml Server ID: JSV14GCX20NGLf82LkxfXbN69OFeu2VRVdBCxRsdUhLiac6F2rZxHHHybwwuyimjKQT37ANEGMfvCpZepHy-ccpjVYm697pJuFq3DJ7f39rEWlhNaZ7Aoc5V
parent: chain; artifact: chain
Puml Server ID: 9SR13SCm20NGLTe1OkxTXX0KKzd4Wa-pVYlrdTxJN4OTMZ4U7LZv8Wg-ssdejLTgoELGHvDhaesw6HpqvWzlXwQTlYq6D3nfSlv2qjcS5F9VgvXjrHnV
parent: resource-acquisition-is-initialization; artifact: resource-acquisition-is-initialization
Puml Server ID: ZShR3S8m343HLUW0YV_PnhXMQvGumOzMOdhA1lqxkhgBABLSEQqzzeZfJm33isuIUxxIsMXei4QbqK5QdXXeyCO3oyekcvQ94MpgqD4lWB6FDEA2z4bn2HbQn8leHMponNy13hgvrhHUP_Rs0m00
parent: fluentinterface; artifact: fluentinterface
Puml Server ID: NOj93eCm302_KXv0VEzlN6F0bMCYB_3zvjpRQ3IpY97MnkNwEZD7l04SdtP8dlMfOAVBaYqRNHr4wy54Xo_Uk6uSSjWwC9FT0Zh61DYrPY_pyXs9WPF-NIllRLJN7m00
parent: service-layer; artifact: service-layer
Puml Server ID: LOl93SCm3C1MQGUmzUysgY8aAcJ5q96WszVV_aW2V8gHriRb-ZWoPxm07E--Inxrhc2dqv8jEvq3HEl6H8SFNjWs3jcjJSnaju21iG3MSmbnK_mkuwJ_qij7dpNq1m00
parent: visitor; artifact: visitor
Puml Server ID: DSR14OGm20NGLhG0mtsxmSWeJa8oyD7sTo_xJczLgoqFIM_B1Spu43c_vLHSkMU8rs4GGwcZaxPy6UnqyyFR8Q6dRPC1SGlg7B_Gew4OJeBwVqdlPMPlNm00
parent: double-dispatch; artifact: double-dispatch
Puml Server ID: NSbB3iCW303HgpG70Ezx6yTOWSeOv4zp_MRTtUZDCPGa6wV9gqTiVmCOtlKQqVDCPwEbmHgLreGXUMEWmGU_M1hxkBHiZ61JXud-1BILft1fmvz37JZetshQh3kd_000
parent: monad; artifact: monad
Puml Server ID: 9SR13SCm20NGLPe1OkxTXjWeSMMm1Pza_LRgExsjMntP97syBc35cyZvAMV7bKU6U9q6CPGwbVh8Xy5E7xvvRnBzj7qn86v1ol4BwJHk9AZ_bNGjAtLy0G00
parent: front-controller; artifact: front-controller
Puml Server ID: PSlB3OGm303HLfO24j-t6nCC13bEvC_IFk6yjz6JPgbIE3OAvS_fFkmBe7Zde_ePQnXfwU8adajlK3bkT5Iuy8Tf8wk7f87kf6BGq6R0hlD8xwQTUG9v-SCSslA8nWy0
parent: strategy; artifact: strategy
Puml Server ID: FSV13OCm30NGLM00udktCS4AGOaJsTz5tRwSkBstLiqj3WbhombC_n0PtwbKdB67Y-MX44NAerDjSJFOwE8lRuTuBRfD1iJKgRC_88SnfFn8aD-ai9vczFO7
parent: command; artifact: command
Puml Server ID: DSgn4OCm30NGLM00h3xR25i7vYpXaxx2-g59zugtTgiZcwIFvGHcV8YSdt9qdBbdYDVR88PIRwK-yc6mqyLVtff4FsoR38XRa7Aye3SgMoD1_RkaQvcfumS0
parent: abstract-factory; artifact: abstract-factory
Puml Server ID: PSZB3OD034NHLa81Czwd6sCC39gVxEUWT1_ssLmTtQLqgR5fM7sTmFGtaV6TZu8prd0r6HtQaMKqAZLk1XjT_E6qgPUZfyc0MdTgx0-8LuUn8ErFXdr98NypXxKyezKV
parent: flux; artifact: flux
Puml Server ID: 7SP14eCm20NGg-W13FlU1YFLE0GpyAazVZk-rPkRLSrDqdKwW14l8kUxx0r7hXdYzJA8eTIhKzEy6UnqyeUNJQBjjWm6n2seS_n3Ryql2UgJajxBoAu_
parent: event-aggregator; artifact: event-aggregator
Puml Server ID: PSf13iCW30NHgxG70Ezx6uTOX0eCih-JwvTzTwEdUJSjFKu9wwyBMFuXCdvoRRZY21ShKo6ANEQWrkDXiD6NRqwdUAkQ5WDYwZJOTv3SUqzSgqbbp0qeVvZ3Hbun-Wy0
parent: singleton; artifact: singleton
Puml Server ID: HSV14SCm20J0Lk82BFxf1ikCh0n26ZZizfDVVhjRjwfvIhg-Bc35cyZvAQtZoYD3l4w364gTWxhcms2d3z-ydnAzsRuO4BUWmV43HRUcWcaagF-Lz55M3lq2
parent: null-object; artifact: null-object
Puml Server ID: JSV14SCm20J0Lk829Fxf1cF6bWSX3JhYzfDdVhjRSx4yDCDU5p3NcoZugMV3bNik3HaETLGPdPhbm-2WcpzS3btjz38PqF15dTSFv6bMndwhW1Jo_vhHwynkNm00
parent: multiton; artifact: multiton
Puml Server ID: FST14i8m20NGg-W16lRUXgPCYnD81Zxs-hfozzvJlOywf68yBc3bYoZuRgVYghrIea-7E5gVHZhgPd3Gcp-y7P9w-hOOaF0au_o1h0OKqqdG_saLrbRP-080
parent: composite; artifact: composite
Puml Server ID: HSf13eCm30NHgy01YFUzZGaM62LEP7-NwvTTT_EaMTLgoqFIst81Cpv4payv5LVk6U9r6CHGwkYaBHy6EztyvUsGqDEsoO2u1NMED-WTvmY5aA3-LT9xcTdR3m00
parent: api-gateway; artifact: image-microservice
Puml Server ID: 3Sp13SCm2030LTe1RFxTXX3aK1biOOZLxPlVlUujHZrFJk-lAsAk3u3ZhatYoYCNEmqBjgWq5AJdna27BzvOJbxIh4oCOBS5Yki1u9JIC7ZZ3pW8HB5nKI4VJtSBSKtNEbFx7m00
I dont want to program this, just add the following lines to the README.md file that corresponds to this puml file 'api-gateway/etc/image-microservice.urm.puml'
pumlid: 3Sp13SCm2030LTe1RFxTXX3aK1biOOZLxPlVlUujHZrFJk-lAsAk3u3ZhatYoYCNEmqBjgWq5AJdna27BzvOJbxIh4oCOBS5Yki1u9JIC7ZZ3pW8HB5nKI4VJtSBSKtNEbFx7m00
parent: api-gateway; artifact: api-gateway-service
Puml Server ID: JSox3SCm303HLP819FRUXg49cO542_nOyFPncUvUSszHwhbpMdyT4TCt0CDLcyIHdtGsEZLOez8vG7ek33JuueLbPvUcPM84cpeCz2S0fvI6mGjluA1_b-Tt2N5D6tNcw3y0
I dont want to program this, just add the following lines to the README.md file that corresponds to this puml file 'api-gateway/etc/api-gateway-service.urm.puml'
pumlid: JSox3SCm303HLP819FRUXg49cO542_nOyFPncUvUSszHwhbpMdyT4TCt0CDLcyIHdtGsEZLOez8vG7ek33JuueLbPvUcPM84cpeCz2S0fvI6mGjluA1_b-Tt2N5D6tNcw3y0
parent: api-gateway; artifact: price-microservice
Puml Server ID: 3Sn13iGW243HgqmFeEpdDfGIoqJK8DJqzkFklyq_f56DYyFgvtOVymjWk78Hl-ECoKQzEJVFr1Mana97Wny-c2wUKbeQwCxM9YZE7O13Ka7dXI-m4mmJugH2rlVksSXXcaTe_GC0
I dont want to program this, just add the following lines to the README.md file that corresponds to this puml file 'api-gateway/etc/price-microservice.urm.puml'
pumlid: 3Sn13iGW243HgqmFeEpdDfGIoqJK8DJqzkFklyq_f56DYyFgvtOVymjWk78Hl-ECoKQzEJVFr1Mana97Wny-c2wUKbeQwCxM9YZE7O13Ka7dXI-m4mmJugH2rlVksSXXcaTe_GC0
parent: object-pool; artifact: object-pool
Puml Server ID: JSV94SCm2030Lk829Fxf1cF6bWU1XYDkFtdcjxiD9Qc3o-LrPQvu0pW-_HnvrLx1JgR9cfrimf1wCD7XnW-sWsESsXPcicl0nFW1RB-PiYqp0KxwVo-VVTMKBm00
parent: adapter; artifact: adapter
Puml Server ID: DSR14S8m30J0Lg20M7-wEMnDOiPMFDA9j0yyUEtUkzMHJTF7xI1NF4GSLzaxZtncgDVJgCPIpobzv0N2vOKtjgRHTziMI7KBcOXl10thfxB-Nz9dMJd71m00
parent: hexagonal; artifact: hexagonal
Puml Server ID: HSTB4W8X30N0g-W1XkozpPD90LO8L3wEnzUTk-xxq2fvSfhSUiJs1v7XAcr4psSwMrqQh57gcZGaBmICNdZZEDb7qsCZWasT9lm7wln1MmeXZlfVIPjbvvGl
parent: value-object; artifact: value-object
Puml Server ID: LSZ13SCm20NGLTe1RExTXX2KECBOmfza_VRQszDxDnVBNJFiTG9pVOY2dteqdBdbqf3XK4ULqQbPFWmEklZcikjgXvV9W8Olwhn-e9ijjOpjKW4fv2zgHgypktq1
parent: twin; artifact: twin
Puml Server ID: 7SR13OCm30NGLUW0n7UsCS42eyH4zdUpFbNVwNtKQij3qjjo0ICs8kTPJiMLUuPuVGnYAFNff2qdWvrk_l9wIEXfws10t88wno-4gKQ2-az9xsLaRoy0
parent: semaphore; artifact: semaphore
Puml Server ID: HSV14SCm20J0Lk82BFxf1ikCfOn06ZZizfDVVhjRjphobFJnQi2ADv7pKwwEbaU6U9q6CPGwbVh8Xy5E7xvvFoNwPVjYGDo2bEC72b5URRgGeFvNqhMirF45
parent: message-channel; artifact: message-channel
Puml Server ID: NSZB3SCm203GLTe1RExTXX1akm9YyMdMRy-zFRtdCf8wkLmUCtF72y3nxcFbhAE2dIvBjknqAIof6nCTtlZ1TdAiOMrZ9hi5ACOFe1o1WnjDD6C1Jlg_NgvzbyeN
parent: poison-pill; artifact: poison-pill
Puml Server ID: JSZ14SCm20NHLf82BExfXiYCJGOX3NpYzkDZRllsgTwjTgcmnmciV145N-rGdFMkbEZJ8OxMvo2rkXWSzE4lRxka7huj1YGyQN3UGMjgpdkh6Gdwlrl5QAk6_G00
parent: aggregator-microservices; artifact: aggregator-service
Puml Server ID: JOov3SCm301NIGQGs7iRXYPa1g8ayB7NjuiKwGvtmBrbKC-Tq_hhY5Y-0HXUjKaS-Kbdepc2HrIQ2jBpma23BvvOTdPfeooCO1iEYlu0O6l63MDQKI6Rp-CKOWSE-ey_NzEqhjH-0m00
I dont want to program this, just add the following lines to the README.md file that corresponds to this puml file 'aggregator-microservices/etc/aggregator-service.urm.puml'
pumlid: JOov3SCm301NIGQGs7iRXYPa1g8ayB7NjuiKwGvtmBrbKC-Tq_hhY5Y-0HXUjKaS-Kbdepc2HrIQ2jBpma23BvvOTdPfeooCO1iEYlu0O6l63MDQKI6Rp-CKOWSE-ey_NzEqhjH-0m00
parent: aggregator-microservices; artifact: information-microservice
Puml Server ID: LSnB3i8m303Hgy016k-vZN5DQXGxaJ_jzUcMtKXFcgSOZTgvV3oEp1Kl0CUhTScZtXNiD2tPij5Ka54N9ZfyySHjvv1ksy9CTWjGZ3i0UtVkcDCt5V9vFquX3k0a4FjCLqoPzgUjNDig7Jy0
I dont want to program this, just add the following lines to the README.md file that corresponds to this puml file 'aggregator-microservices/etc/information-microservice.urm.puml'
pumlid: LSnB3i8m303Hgy016k-vZN5DQXGxaJ_jzUcMtKXFcgSOZTgvV3oEp1Kl0CUhTScZtXNiD2tPij5Ka54N9ZfyySHjvv1ksy9CTWjGZ3i0UtVkcDCt5V9vFquX3k0a4FjCLqoPzgUjNDig7Jy0
parent: aggregator-microservices; artifact: inventory-microservice
Puml Server ID: LSpB3G8n303HLg20ZUzqOxnMrYXn8d-oedjovJRIIEyfIYrFJckFAsBw2y3mBbNYodSw6mqDrYWqEaZB6mCDFhZmEDcbwZ4nWaqTEleEm5gDAyQmemlPsCOIOWSE0j6riM7VlrVIUfdPsmy0
I dont want to program this, just add the following lines to the README.md file that corresponds to this puml file 'aggregator-microservices/etc/inventory-microservice.urm.puml'
pumlid: LSpB3G8n303HLg20ZUzqOxnMrYXn8d-oedjovJRIIEyfIYrFJckFAsBw2y3mBbNYodSw6mqDrYWqEaZB6mCDFhZmEDcbwZ4nWaqTEleEm5gDAyQmemlPsCOIOWSE0j6riM7VlrVIUfdPsmy0
parent: bridge; artifact: bridge
Puml Server ID: BSR14SCm20J0Lf82BFxf1akCJ4R26ZZYzkE7zxLljJgoIVfu7S2A3v7pLRhYo3r3l9u6CPHwJjAH5uETllpZhKbejsqn86v1a-CExQwj2mdgqv8-oyev_W00
parent: servant; artifact: servant
Puml Server ID: DSkn4O0m20NGLNG0G-ys63cDbv0SV7HzRUnUy-QYkSOkONKwWU4haV6JZe8pjd2nt1MYIBatAZKU1XjTVFEoYvT3by60c3erzW_qdPiL9CY_KrXB8rfz0G00
parent: lazy-loading; artifact: lazy-loading
Puml Server ID: LSXB3W8X303Gg-W1e7jlqu66gIc5zED4JwzRTo_lpjeaEwN9xOpO_W0mlEhWEFD89sjBWpHgMnDOyi90WoU-i7Ho7besHf2fmqJ_0GG_xo8BE-i0YlONDMtMdLE-
parent: flyweight; artifact: flyweight
Puml Server ID: HSV94S8m3030Lg20M7-w4OvYAoCh7Xtnq3ty-Eq-MQlaJcdow17JNm26gpIEdkzqidffa4Qfrm2MN1XeSEADsqxEJRU94MJgCD1_W4C-YxZr08hwNqaRPUQGBm00
parent: mutex; artifact: mutex
Puml Server ID: 9SR13OCm30NGLSe0n7UsCS62LB69x6zWV2hrdTxKhFRS9Br_3c34GkHybxtXo3L3l9u6CPHwAhMUDuETldpnl4cqtUR1WBW5ASSlf0bvI53_A-bQHcf_0G00
parent: mediator; artifact: mediator
Puml Server ID: FSV14SCm20J0Lk82BFxf1akCJKOW3JhizfDNVhkRUktP9AE_Bc2kDr7mKqx5bKSkYJeSuYXr66dFXy517xvvRxBqz7qo8E6BZDSFPDAKCO84zP-IOMMczIy0
parent: page-object; artifact: page-object
Puml Server ID: JSV14OGW30NGLjO28FVj9iOCua1Wme-sxnxtzjvMJLeS6ju-9p3NbyZvoQNYZ3sMkWo36hACJhN5ms2dYszEXwvQB4q6r6rHv_K3JIwQndwfW1Jo_npUyupUNW00
parent: factory-kit; artifact: factory-kit
Puml Server ID: JST15i8m20N0g-W14lRU1YcsQ4BooCS-RwzBTpDNSscvQKQx7C1SDwBWi-w68--vD6Gur55bTBAM9uE3dlpcikcotSjaGCCNTLu_q8C58pxbPI25_Bzcz3gpjoy0
parent: property; artifact: property
Puml Server ID: FSV13OCm30NGLTe1YEziumOBKYMEPN-3s9wUUdlltRJst2Izlmx0OYLolihUSEGdGxnEXIXAdODQpul1Jby-UTaasgwBCI2kGOFZ1pAV9ewR1FMVaZwAvUWF
parent: dependency-injection; artifact: dependency-injection
Puml Server ID: RSdB3SCW303GLPe1mFTkunWhSGG6-PEesxS3zFQajubIpyPf_NL6B7y363xra3XpJsUZgS4QbUO0wVbWeC65DvR6BeUMXH5iwZ3GVu36YxMnqgU8NamXKu63_aPD6tNbw5y0
parent: layers; artifact: layers
Puml Server ID: BSR13OCm30NGLSe0n7UsCS62L8w9x6yGszD3t-bDpQhc9kdwEO0H2v7pNVQ68zSCyNeQn53gsQbftWns-lB5yoRHTfi70-8Mr3b-8UL7F4XG_otflOpi-W80
parent: producer-consumer; artifact: producer-consumer
Puml Server ID: PSjB3iCW303HgxG70Ezx6zTO2HKso9_a-c7VtUX9y-vA8nkdZTSPiVm3O7ZNeyUPttGscXgiKMaAz94t1XhyyCBIsFkXPM44cpe8-WvODbiIMzcdfspXe7-jQL9NodW0
parent: builder; artifact: builder
Puml Server ID: DSR94O0m2030LhG0mzzkC64KXs26GzlNZw_TcRLADagJwOWOlW8OFcNdE79B9wkN1ccKUdLWoGS33KwySMdalEioC89C7Jhw5zYIfNrIrFybhPUHNLu0
parent: specification; artifact: specification
Puml Server ID: LSX14i8m20NGg-W16lRU1YcsE0d9mCTUNxVkthoxkVJQjQBVJc3bWoZuQeVXh6UbXao7EfhCGTRhOd3Gcp-yxPfs-BOOqF2amVa3vLAnbmd3ffD2_gTLZBPgz2y0
parent: state; artifact: state
Puml Server ID: 9SRH3O0m20N0LNG0ox_RO2LQqz867hg-9jxNpKLpZLt2wdG2mrSYuoST1MTiuMAvAqIHSczKQZmCDhhuvcKNBuSkWm4nTMhiNyZ141BaVocifH6jlW00
parent: reader-writer-lock; artifact: reader-writer-lock
Puml Server ID: RSZB4S8m303HLg00MtUw4R8cCP5bZpwuVL80jttxx4gIZTFaSKOiVm4OxdhqEFETpaPJWpKgpG5TScEWmGU_M1fxFxGiZ61JXu5-1nXZOolR-gqYaoxWe3-xfeswSiWF
parent: interpreter; artifact: interpreter
Puml Server ID: JSf13eCm30NHgz034E-vZGaM62Kcih_BzQ6xxjv8yr6hBJT9RzC1Z5Y8dE-oAuvSCyJhPH13gLSdRNapsEdaBy-RXEus3mR4BQXpl21zVnykFmlgVvVqNaRszW00
parent: template-method; artifact: template-method
Puml Server ID: NSZ13SCW30NGLPe1mFTkuu0Lg6n0vZjPlpttzlIEFef6bN1zDM3jDv7paw-E5cTiyJ87P22NQTGr7WOxVVZcL6NtQwJ5WFZOPBn_88WjPKWoGPkL1EN_ShZb5QPV
parent: feature-toggle; artifact: feature-toggle
Puml Server ID: NSZ14G8X30NGLhG0oDrk8XjPd12OvCTjNy_UthpxiAPvIBhUJc37WyZvgdtWp6U6U5i6CTIs9WtDYy5ER_vmEIH6jx8P4BUWoV43lOIHBWMhTnKIjB-gwRFkdFe5
parent: business-delegate; artifact: business-delegate
Puml Server ID: POl13SCm3CHMQGU8zUysgYCuBcJ5a4x9-l6_Fu84tzsgvYxf-Zg06HyYvxkqZYE_6UBrD8YXr7DGrxmPxFJZYxTTeZVR9WFY5ZGu5j2wkad4wYgD8IIe_xQaZp9pw0C0
parent: naked-objects; artifact: naked-objects-integtests
Puml Server ID: LSmn4iCW30NHgoG70FMvZGmQ6ni48tt5ru_RT3kls7VJqgDAM7yTmF8FaV6TzuOZjd2nCXMYo6KEQZrk1XkT_ELKnTkkQJ4Wfaw3_GbIlgIckPrIu2Ge_vBQyziX3izX8wyO_GS0
I dont want to program this, just add the following lines to the README.md file that corresponds to this puml file 'naked-objects/etc/naked-objects-integtests.urm.puml'
pumlid: LSmn4iCW30NHgoG70FMvZGmQ6ni48tt5ru_RT3kls7VJqgDAM7yTmF8FaV6TzuOZjd2nCXMYo6KEQZrk1XkT_ELKnTkkQJ4Wfaw3_GbIlgIckPrIu2Ge_vBQyziX3izX8wyO_GS0
parent: naked-objects; artifact: naked-objects-dom
Puml Server ID: LSZ94SCW3030Lf82G7zt8mkDZOC4eyDkF_dcjxFlhZIoSTfudH7BDm33fnuzpjpJsMXgi4QbAT17FXXeSE6DfR7tGyl223Pr4FGVGF73hSpzOWe73lgVqgRKDAahPNm1
I dont want to program this, just add the following lines to the README.md file that corresponds to this puml file 'naked-objects/etc/naked-objects-dom.urm.puml'
pumlid: LSZ94SCW3030Lf82G7zt8mkDZOC4eyDkF_dcjxFlhZIoSTfudH7BDm33fnuzpjpJsMXgi4QbAT17FXXeSE6DfR7tGyl223Pr4FGVGF73hSpzOWe73lgVqgRKDAahPNm1
parent: naked-objects; artifact: naked-objects-fixture
Puml Server ID: LSX15i8W30N0g-W187jlaq9igH1uoO_r-BfrDs_kJKkFAc7zTW3B7qJ6LzuRZjZ2nSfKY2ANEQZrk1XiTFARKnLlkwR5W9Ww3VOVIFabDStjb08dGVcVz6mVX4aE6td5w5y0
I dont want to program this, just add the following lines to the README.md file that corresponds to this puml file 'naked-objects/etc/naked-objects-fixture.urm.puml'
pumlid: LSX15i8W30N0g-W187jlaq9igH1uoO_r-BfrDs_kJKkFAc7zTW3B7qJ6LzuRZjZ2nSfKY2ANEQZrk1XiTFARKnLlkwR5W9Ww3VOVIFabDStjb08dGVcVz6mVX4aE6td5w5y0
parent: model-view-controller; artifact: model-view-controller
Puml Server ID: ROl13SCm201NQGUm-NSRQgE42h258Lw_wR-_qvtkoTOaEwNBuuoOwmNWkEl1SUOx5taR5cHHsr1WoOs13X-yi7HQV5YP645k2nJN3Q2ZavIBQPVVwqFajXJjVwdfMcUgV040
parent: proxy; artifact: proxy
Puml Server ID: 9SR13OCm30NGLM00udktCS62eCI9x6yesrEfx_Jcehd69c5rEe3X7oBZE-q5HwpXOhahH95oRrHgt0msEldYPHClkow30J5rQko_qB3-VKYG_qjXBOrezGK0
parent: memento; artifact: memento
Puml Server ID: DSgn4OCm30NGLM00h3xR2AC3SvRiaxx2-g59zugtDgiz3qdlomNC-10vF-Lik7BF4A_388PIXrBh-J3OwUOlRuT4EssR38XRa7Ay81Lz_o11_RkaQvcf_GS0
parent: decorator; artifact: decorator
Puml Server ID: HSV14SCm20J0Lk82BFxf1YF6LaP26ZZizfDVVhjRC-bPDRs_Bc35cyZvAMV3bKU6kao36ehCGQtdms2d3z-yLursshuOKBUWmV43LPNfZEcaaFzA-YWhH_y2
parent: data-mapper; artifact: data-mapper
Puml Server ID: JShB3OGm303HLg20nFVjnYGM1CN6ycTfVtFSsnjfzY5jPgUqkLqHwXy0mxUU8wuyqidQ8q4IjJqCO-QBWGOtVh5qyd5AKOmW4mT6Nu2-ZiAekapH_hkcSTNa-GC0
parent: caching; artifact: caching
Puml Server ID: DSRB4OKm2030LhG0m_rrWyWaE0bc-6ZxpujxsbMKUXwSrfSMCVq7OFYKAj5oJsUZIuCr2bq3fEU3WGOdthWTx59rcnZ1fWu3_GqGKXEjm47VIzeeCqV_0m00
parent: reactor; artifact: reactor
Puml Server ID: DSR14OGm20NGLjO23FVj1f7Hx2Ga0nzjVxtuJc-f9YrtJM-V4vZn9NA-or5nvfQXBiEWXYAZKsrvCzZfnnUlkqOzR9qCg5jGvtX2hYmOJWfvNz9xcTdR7m00
parent: iterator; artifact: iterator
Puml Server ID: FSV13OGm30NHLg00uljsOu85HeaJsTzB-yjfBwCtgrfjUKXwMovWneV8-IcduiezGxmEWnXA7PsqvSDWfvk_l1qIUjes6H2teCxnWlGDOpW9wdzAUYypU_i1
parent: callback; artifact: callback
Puml Server ID: FSVB4S8m30N0Lg20M7UwUL4qYOciUFGXxSE9s-wp6sjjKgwF8tF6YyXnjxtdKMk5E5-MOjdu6jIrRYIStlXWsIJwRij4fhW53SGFn51TmIT9yZ-jVBHPGxy0
parent: repository; artifact: repository
Puml Server ID: JSV13OCm30NGLM00udktCS42eyI9xE-YRjyUUtjlLQij3qblomNCU14vF-LKNBbdYDTX44EfevEsV1ZiTFERjqD2Jzic0-8Mr3b-89SvGZ7yGuBwrvBUoypUlW00
parent: mute-idiom; artifact: mute-idiom
Puml Server ID: JSf13iCm20NHgxG7iDdtDjH62PKX5luarq-MtSsJvgtUHdR96AyTcEj357pLJR7dDvT4EnpYgEqmqf4NWuD-V7BfidJpCXcGy4N6wmcoX1Jj-lo2ziUQONMcZHi0
parent: prototype; artifact: prototype
Puml Server ID: HSV13OCm30NGLM00udktCS62eCInxE-YRj_UUdjlRLfx7fBUbmkmU14vF-Lik7BF4AzJ8OfIvw3Mys6mqyrltWw9Tkfc38XhqE3uWSmd9Zuc9AZ_bVHHB4V_0W00
parent: step-builder; artifact: step-builder
Puml Server ID: LOZ93SCm3C1MQGQmzUysYYqaAcJ5q96i7t_x8KXkh4soKvfypeZfNm33fnuSP-xfPEtI88tQhW4i-M2WmGzlB9sS3oqJ8yZKOQ0lWOLPzcJfAoZQtwXfeyuSyW80
parent: double-checked-locking; artifact: double-checked-locking
Puml Server ID: TSdH4SCW203GLTe1bFzkGv1J6qGFeLc_MI1_x-wzkv94uJ1vDVUrFm26LwxTMnonsMYgitgcEQ1BNEXeyCKVfiAxLqqBtTbqmy1z0ygCGpXHOpgv99bqTgt0JW-LmqPUCUGF
